<?xml version="1.0" encoding="UTF-8"?>
<testsuite name="com.bridgelabz.NIOFileAPITest" tests="1" skipped="0" failures="0" errors="0" timestamp="2021-06-18T18:21:07" hostname="DESKTOP-I19OHT9" time="0.244">
  <properties/>
  <testcase name="givenPath_whenChecked_thenConfirm" classname="com.bridgelabz.NIOFileAPITest" time="0.244"/>
  <system-out><![CDATA[C:\Users\ayesha\TempPlayground\temp1
C:\Users\ayesha\TempPlayground\temp2
C:\Users\ayesha\TempPlayground\temp3
C:\Users\ayesha\TempPlayground\temp4
C:\Users\ayesha\TempPlayground\temp5
C:\Users\ayesha\TempPlayground\temp6
C:\Users\ayesha\TempPlayground\temp7
C:\Users\ayesha\TempPlayground\temp8
C:\Users\ayesha\TempPlayground\temp9
C:\Users\ayesha\TempPlayground\temp1
C:\Users\ayesha\TempPlayground\temp2
C:\Users\ayesha\TempPlayground\temp3
C:\Users\ayesha\TempPlayground\temp4
C:\Users\ayesha\TempPlayground\temp5
C:\Users\ayesha\TempPlayground\temp6
C:\Users\ayesha\TempPlayground\temp7
C:\Users\ayesha\TempPlayground\temp8
C:\Users\ayesha\TempPlayground\temp9
]]></system-out>
  <system-err><![CDATA[]]></system-err>
</testsuite>
