<?xml version="1.0" encoding="UTF-8"?>
<testsuite name="com.bridgelabz.NIOFileAPITest" tests="1" skipped="0" failures="0" errors="0" timestamp="2021-06-19T10:27:32" hostname="DESKTOP-I19OHT9" time="0.22">
  <properties/>
  <testcase name="numberOfEmployeeEntryTest" classname="com.bridgelabz.NIOFileAPITest" time="0.22"/>
  <system-out><![CDATA[]]></system-out>
  <system-err><![CDATA[]]></system-err>
</testsuite>
