<?xml version="1.0" encoding="UTF-8"?>
<testsuite name="com.bridgelabz.NIOFileAPITest" tests="1" skipped="0" failures="0" errors="0" timestamp="2021-06-19T11:47:25" hostname="DESKTOP-I19OHT9" time="0.018">
  <properties/>
  <testcase name="givenFile_onReadingFromFile_shouldMatchEmployeeCount" classname="com.bridgelabz.NIOFileAPITest" time="0.018"/>
  <system-out><![CDATA[]]></system-out>
  <system-err><![CDATA[]]></system-err>
</testsuite>
